<?xml version="1.0" encoding="UTF-8"?>
<testsuite name="com.junseong.admin.web.PostsApiControllerTest" tests="2" skipped="0" failures="0" errors="0" timestamp="2020-07-16T12:47:48" hostname="DESKTOP-BRF48J0" time="0.13">
  <properties/>
  <testcase name="Posts_등록된다" classname="com.junseong.admin.web.PostsApiControllerTest" time="0.067"/>
  <testcase name="Posts_수정된다" classname="com.junseong.admin.web.PostsApiControllerTest" time="0.06"/>
  <system-out><![CDATA[2020-07-16 21:47:48.494  INFO 259652 --- [    Test worker] .b.t.c.SpringBootTestContextBootstrapper : Neither @ContextConfiguration nor @ContextHierarchy found for test class [com.junseong.admin.web.PostsApiControllerTest], using SpringBootContextLoader
2020-07-16 21:47:48.495  INFO 259652 --- [    Test worker] o.s.t.c.support.AbstractContextLoader    : Could not detect default resource locations for test class [com.junseong.admin.web.PostsApiControllerTest]: no resource found for suffixes {-context.xml, Context.groovy}.
2020-07-16 21:47:48.496  INFO 259652 --- [    Test worker] t.c.s.AnnotationConfigContextLoaderUtils : Could not detect default configuration classes for test class [com.junseong.admin.web.PostsApiControllerTest]: PostsApiControllerTest does not declare any static, non-private, non-final, nested classes annotated with @Configuration.
2020-07-16 21:47:48.498  INFO 259652 --- [    Test worker] .b.t.c.SpringBootTestContextBootstrapper : Found @SpringBootConfiguration com.junseong.admin.Application for test class com.junseong.admin.web.PostsApiControllerTest
2020-07-16 21:47:48.499  INFO 259652 --- [    Test worker] .b.t.c.SpringBootTestContextBootstrapper : Loaded default TestExecutionListener class names from location [META-INF/spring.factories]: [org.springframework.security.test.context.support.WithSecurityContextTestExecutionListener, org.springframework.security.test.context.support.ReactorContextTestExecutionListener, org.springframework.boot.test.autoconfigure.restdocs.RestDocsTestExecutionListener, org.springframework.boot.test.autoconfigure.web.client.MockRestServiceServerResetTestExecutionListener, org.springframework.boot.test.autoconfigure.web.servlet.MockMvcPrintOnlyOnFailureTestExecutionListener, org.springframework.boot.test.autoconfigure.web.servlet.WebDriverTestExecutionListener, org.springframework.boot.test.mock.mockito.MockitoTestExecutionListener, org.springframework.boot.test.mock.mockito.ResetMocksTestExecutionListener, org.springframework.test.context.web.ServletTestExecutionListener, org.springframework.test.context.support.DirtiesContextBeforeModesTestExecutionListener, org.springframework.test.context.support.DependencyInjectionTestExecutionListener, org.springframework.test.context.support.DirtiesContextTestExecutionListener, org.springframework.test.context.transaction.TransactionalTestExecutionListener, org.springframework.test.context.jdbc.SqlScriptsTestExecutionListener]
2020-07-16 21:47:48.500  INFO 259652 --- [    Test worker] .b.t.c.SpringBootTestContextBootstrapper : Using TestExecutionListeners: [org.springframework.test.context.web.ServletTestExecutionListener@4b8d7e87, org.springframework.test.context.support.DirtiesContextBeforeModesTestExecutionListener@271b662b, org.springframework.boot.test.mock.mockito.MockitoTestExecutionListener@199ac4c1, org.springframework.boot.test.autoconfigure.SpringBootDependencyInjectionTestExecutionListener@5ba2dc87, org.springframework.test.context.support.DirtiesContextTestExecutionListener@7b7bf832, org.springframework.test.context.transaction.TransactionalTestExecutionListener@7ade348, org.springframework.test.context.jdbc.SqlScriptsTestExecutionListener@48de83b0, org.springframework.security.test.context.support.WithSecurityContextTestExecutionListener@55528c8, org.springframework.security.test.context.support.ReactorContextTestExecutionListener@214bea38, org.springframework.boot.test.autoconfigure.restdocs.RestDocsTestExecutionListener@4914fafa, org.springframework.boot.test.autoconfigure.web.client.MockRestServiceServerResetTestExecutionListener@756b236b, org.springframework.boot.test.autoconfigure.web.servlet.MockMvcPrintOnlyOnFailureTestExecutionListener@59545666, org.springframework.boot.test.autoconfigure.web.servlet.WebDriverTestExecutionListener@27306d5e, org.springframework.boot.test.mock.mockito.ResetMocksTestExecutionListener@499d8068]
2020-07-16 21:47:48.509  INFO 259652 --- [    Test worker] o.a.c.c.C.[Tomcat].[localhost].[/]       : Initializing Spring TestDispatcherServlet ''
2020-07-16 21:47:48.510  INFO 259652 --- [    Test worker] o.s.t.web.servlet.TestDispatcherServlet  : Initializing Servlet ''
2020-07-16 21:47:48.512  INFO 259652 --- [    Test worker] o.s.t.web.servlet.TestDispatcherServlet  : Completed initialization in 2 ms
2020-07-16 21:47:48.576  INFO 259652 --- [    Test worker] o.a.c.c.C.[Tomcat].[localhost].[/]       : Initializing Spring TestDispatcherServlet ''
2020-07-16 21:47:48.577  INFO 259652 --- [    Test worker] o.s.t.web.servlet.TestDispatcherServlet  : Initializing Servlet ''
2020-07-16 21:47:48.579  INFO 259652 --- [    Test worker] o.s.t.web.servlet.TestDispatcherServlet  : Completed initialization in 2 ms
]]></system-out>
  <system-err><![CDATA[]]></system-err>
</testsuite>
