<?xml version="1.0" encoding="UTF-8"?>
<testsuite name="com.junseong.admin.web.IndexControllerTest" tests="1" skipped="0" failures="0" errors="0" timestamp="2020-07-16T12:47:48" hostname="DESKTOP-BRF48J0" time="0.215">
  <properties/>
  <testcase name="메인페이지_로딩" classname="com.junseong.admin.web.IndexControllerTest" time="0.215"/>
  <system-out><![CDATA[2020-07-16 21:47:45.586  INFO 259652 --- [    Test worker] .b.t.c.SpringBootTestContextBootstrapper : Neither @ContextConfiguration nor @ContextHierarchy found for test class [com.junseong.admin.web.IndexControllerTest], using SpringBootContextLoader
2020-07-16 21:47:45.586  INFO 259652 --- [    Test worker] o.s.t.c.support.AbstractContextLoader    : Could not detect default resource locations for test class [com.junseong.admin.web.IndexControllerTest]: no resource found for suffixes {-context.xml, Context.groovy}.
2020-07-16 21:47:45.597  INFO 259652 --- [    Test worker] t.c.s.AnnotationConfigContextLoaderUtils : Could not detect default configuration classes for test class [com.junseong.admin.web.IndexControllerTest]: IndexControllerTest does not declare any static, non-private, non-final, nested classes annotated with @Configuration.
2020-07-16 21:47:45.600  INFO 259652 --- [    Test worker] .b.t.c.SpringBootTestContextBootstrapper : Found @SpringBootConfiguration com.junseong.admin.Application for test class com.junseong.admin.web.IndexControllerTest
2020-07-16 21:47:45.602  INFO 259652 --- [    Test worker] .b.t.c.SpringBootTestContextBootstrapper : Loaded default TestExecutionListener class names from location [META-INF/spring.factories]: [org.springframework.security.test.context.support.WithSecurityContextTestExecutionListener, org.springframework.security.test.context.support.ReactorContextTestExecutionListener, org.springframework.boot.test.autoconfigure.restdocs.RestDocsTestExecutionListener, org.springframework.boot.test.autoconfigure.web.client.MockRestServiceServerResetTestExecutionListener, org.springframework.boot.test.autoconfigure.web.servlet.MockMvcPrintOnlyOnFailureTestExecutionListener, org.springframework.boot.test.autoconfigure.web.servlet.WebDriverTestExecutionListener, org.springframework.boot.test.mock.mockito.MockitoTestExecutionListener, org.springframework.boot.test.mock.mockito.ResetMocksTestExecutionListener, org.springframework.test.context.web.ServletTestExecutionListener, org.springframework.test.context.support.DirtiesContextBeforeModesTestExecutionListener, org.springframework.test.context.support.DependencyInjectionTestExecutionListener, org.springframework.test.context.support.DirtiesContextTestExecutionListener, org.springframework.test.context.transaction.TransactionalTestExecutionListener, org.springframework.test.context.jdbc.SqlScriptsTestExecutionListener]
2020-07-16 21:47:45.605  INFO 259652 --- [    Test worker] .b.t.c.SpringBootTestContextBootstrapper : Using TestExecutionListeners: [org.springframework.test.context.web.ServletTestExecutionListener@793b4981, org.springframework.test.context.support.DirtiesContextBeforeModesTestExecutionListener@ab7b55, org.springframework.boot.test.mock.mockito.MockitoTestExecutionListener@25f2e88d, org.springframework.boot.test.autoconfigure.SpringBootDependencyInjectionTestExecutionListener@2e357dc6, org.springframework.test.context.support.DirtiesContextTestExecutionListener@d615ec0, org.springframework.test.context.transaction.TransactionalTestExecutionListener@564bedea, org.springframework.test.context.jdbc.SqlScriptsTestExecutionListener@64cfc12e, org.springframework.security.test.context.support.WithSecurityContextTestExecutionListener@61114b3c, org.springframework.security.test.context.support.ReactorContextTestExecutionListener@66019e80, org.springframework.boot.test.autoconfigure.restdocs.RestDocsTestExecutionListener@6fac0b17, org.springframework.boot.test.autoconfigure.web.client.MockRestServiceServerResetTestExecutionListener@75f0617d, org.springframework.boot.test.autoconfigure.web.servlet.MockMvcPrintOnlyOnFailureTestExecutionListener@1ed38c54, org.springframework.boot.test.autoconfigure.web.servlet.WebDriverTestExecutionListener@744ce490, org.springframework.boot.test.mock.mockito.ResetMocksTestExecutionListener@7b37adbd]

  .   ____          _            __ _ _
 /\\ / ___'_ __ _ _(_)_ __  __ _ \ \ \ \
( ( )\___ | '_ | '_| | '_ \/ _` | \ \ \ \
 \\/  ___)| |_)| | | | | || (_| |  ) ) ) )
  '  |____| .__|_| |_|_| |_\__, | / / / /
 =========|_|==============|___/=/_/_/_/
 :: Spring Boot ::        (v2.1.9.RELEASE)

2020-07-16 21:47:45.656  INFO 259652 --- [    Test worker] c.j.admin.web.IndexControllerTest        : Starting IndexControllerTest on DESKTOP-BRF48J0 with PID 259652 (started by user in D:\Spring_boot_with_aws)
2020-07-16 21:47:45.657  INFO 259652 --- [    Test worker] c.j.admin.web.IndexControllerTest        : The following profiles are active: oauth
2020-07-16 21:47:45.867  INFO 259652 --- [    Test worker] .s.d.r.c.RepositoryConfigurationDelegate : Bootstrapping Spring Data repositories in DEFAULT mode.
2020-07-16 21:47:45.888  INFO 259652 --- [    Test worker] .s.d.r.c.RepositoryConfigurationDelegate : Finished Spring Data repository scanning in 18ms. Found 2 repository interfaces.
2020-07-16 21:47:46.219  INFO 259652 --- [    Test worker] trationDelegate$BeanPostProcessorChecker : Bean 'org.springframework.transaction.annotation.ProxyTransactionManagementConfiguration' of type [org.springframework.transaction.annotation.ProxyTransactionManagementConfiguration$$EnhancerBySpringCGLIB$$b394bf4f] is not eligible for getting processed by all BeanPostProcessors (for example: not eligible for auto-proxying)
2020-07-16 21:47:46.514  INFO 259652 --- [    Test worker] o.s.b.w.embedded.tomcat.TomcatWebServer  : Tomcat initialized with port(s): 0 (http)
2020-07-16 21:47:46.547  INFO 259652 --- [    Test worker] o.apache.catalina.core.StandardService   : Starting service [Tomcat]
2020-07-16 21:47:46.548  INFO 259652 --- [    Test worker] org.apache.catalina.core.StandardEngine  : Starting Servlet engine: [Apache Tomcat/9.0.26]
2020-07-16 21:47:46.735  INFO 259652 --- [    Test worker] o.a.c.c.C.[Tomcat].[localhost].[/]       : Initializing Spring embedded WebApplicationContext
2020-07-16 21:47:46.750  INFO 259652 --- [    Test worker] o.s.web.context.ContextLoader            : Root WebApplicationContext: initialization completed in 1090 ms
2020-07-16 21:47:47.144  INFO 259652 --- [    Test worker] com.zaxxer.hikari.HikariDataSource       : HikariPool-2 - Starting...
2020-07-16 21:47:47.145  INFO 259652 --- [    Test worker] com.zaxxer.hikari.HikariDataSource       : HikariPool-2 - Start completed.
2020-07-16 21:47:47.192  INFO 259652 --- [    Test worker] o.hibernate.jpa.internal.util.LogHelper  : HHH000204: Processing PersistenceUnitInfo [
	name: default
	...]
2020-07-16 21:47:47.203  INFO 259652 --- [    Test worker] org.hibernate.dialect.Dialect            : HHH000400: Using dialect: org.hibernate.dialect.MySQL5InnoDBDialect
2020-07-16 21:47:47.284  INFO 259652 --- [    Test worker] o.h.t.schema.internal.SchemaCreatorImpl  : HHH000476: Executing import script 'org.hibernate.tool.schema.internal.exec.ScriptSourceInputNonExistentImpl@6c17858e'
2020-07-16 21:47:47.285  INFO 259652 --- [    Test worker] j.LocalContainerEntityManagerFactoryBean : Initialized JPA EntityManagerFactory for persistence unit 'default'
2020-07-16 21:47:47.611  INFO 259652 --- [    Test worker] o.h.h.i.QueryTranslatorFactoryInitiator  : HHH000397: Using ASTQueryTranslatorFactory
2020-07-16 21:47:47.767  INFO 259652 --- [    Test worker] o.s.s.web.DefaultSecurityFilterChain     : Creating filter chain: any request, [org.springframework.security.web.context.request.async.WebAsyncManagerIntegrationFilter@62364ab9, org.springframework.security.web.context.SecurityContextPersistenceFilter@20eb7ee8, org.springframework.security.web.header.HeaderWriterFilter@5bc9a102, org.springframework.security.web.authentication.logout.LogoutFilter@101d997d, org.springframework.security.oauth2.client.web.OAuth2AuthorizationRequestRedirectFilter@cb66b4f, org.springframework.security.oauth2.client.web.OAuth2LoginAuthenticationFilter@1f77a2, org.springframework.security.web.authentication.ui.DefaultLoginPageGeneratingFilter@6b7ab6c4, org.springframework.security.web.authentication.ui.DefaultLogoutPageGeneratingFilter@32a16f4f, org.springframework.security.web.savedrequest.RequestCacheAwareFilter@5a900123, org.springframework.security.web.servletapi.SecurityContextHolderAwareRequestFilter@4c476ac2, org.springframework.security.web.authentication.AnonymousAuthenticationFilter@d728647, org.springframework.security.web.session.SessionManagementFilter@124d7d1, org.springframework.security.web.access.ExceptionTranslationFilter@7e509a2c, org.springframework.security.web.access.intercept.FilterSecurityInterceptor@31a7b053]
2020-07-16 21:47:47.959  INFO 259652 --- [    Test worker] o.s.s.concurrent.ThreadPoolTaskExecutor  : Initializing ExecutorService 'applicationTaskExecutor'
2020-07-16 21:47:47.974  WARN 259652 --- [    Test worker] aWebConfiguration$JpaWebMvcConfiguration : spring.jpa.open-in-view is enabled by default. Therefore, database queries may be performed during view rendering. Explicitly configure spring.jpa.open-in-view to disable this warning
2020-07-16 21:47:48.001  INFO 259652 --- [    Test worker] o.s.b.a.w.s.WelcomePageHandlerMapping    : Adding welcome page template: index
2020-07-16 21:47:48.250  INFO 259652 --- [    Test worker] s.a.ScheduledAnnotationBeanPostProcessor : No TaskScheduler/ScheduledExecutorService bean found for scheduled processing
2020-07-16 21:47:48.271  INFO 259652 --- [    Test worker] o.s.b.w.embedded.tomcat.TomcatWebServer  : Tomcat started on port(s): 14595 (http) with context path ''
2020-07-16 21:47:48.273  INFO 259652 --- [    Test worker] c.j.admin.web.IndexControllerTest        : Started IndexControllerTest in 2.666 seconds (JVM running for 14.086)
2020-07-16 21:47:48.373  INFO 259652 --- [o-auto-1-exec-1] o.a.c.c.C.[Tomcat].[localhost].[/]       : Initializing Spring DispatcherServlet 'dispatcherServlet'
2020-07-16 21:47:48.374  INFO 259652 --- [o-auto-1-exec-1] o.s.web.servlet.DispatcherServlet        : Initializing Servlet 'dispatcherServlet'
2020-07-16 21:47:48.393  INFO 259652 --- [o-auto-1-exec-1] o.s.web.servlet.DispatcherServlet        : Completed initialization in 19 ms
]]></system-out>
  <system-err><![CDATA[]]></system-err>
</testsuite>
